Determining if the pthread_create exist failed with the following output:
Change Dir: /home/guych15/dev/git/pixy/build/libpixyusb/CMakeFiles/CMakeTmp

Run Build Command:"/usr/bin/make" "cmTC_777aa/fast"
/usr/bin/make -f CMakeFiles/cmTC_777aa.dir/build.make CMakeFiles/cmTC_777aa.dir/build
make[1]: Entering directory '/home/guych15/dev/git/pixy/build/libpixyusb/CMakeFiles/CMakeTmp'
Building CXX object CMakeFiles/cmTC_777aa.dir/CheckSymbolExists.cxx.o
/usr/bin/c++     -o CMakeFiles/cmTC_777aa.dir/CheckSymbolExists.cxx.o -c /home/guych15/dev/git/pixy/build/libpixyusb/CMakeFiles/CMakeTmp/CheckSymbolExists.cxx
Linking CXX executable cmTC_777aa
/usr/bin/cmake -E cmake_link_script CMakeFiles/cmTC_777aa.dir/link.txt --verbose=1
/usr/bin/c++       -rdynamic CMakeFiles/cmTC_777aa.dir/CheckSymbolExists.cxx.o  -o cmTC_777aa 
CMakeFiles/cmTC_777aa.dir/CheckSymbolExists.cxx.o: In function `main':
CheckSymbolExists.cxx:(.text+0x1b): undefined reference to `pthread_create'
collect2: error: ld returned 1 exit status
CMakeFiles/cmTC_777aa.dir/build.make:97: recipe for target 'cmTC_777aa' failed
make[1]: *** [cmTC_777aa] Error 1
make[1]: Leaving directory '/home/guych15/dev/git/pixy/build/libpixyusb/CMakeFiles/CMakeTmp'
Makefile:126: recipe for target 'cmTC_777aa/fast' failed
make: *** [cmTC_777aa/fast] Error 2

File /home/guych15/dev/git/pixy/build/libpixyusb/CMakeFiles/CMakeTmp/CheckSymbolExists.cxx:
/* */
#include <pthread.h>

int main(int argc, char** argv)
{
  (void)argv;
#ifndef pthread_create
  return ((int*)(&pthread_create))[argc];
#else
  (void)argc;
  return 0;
#endif
}

Determining if the function pthread_create exists in the pthreads failed with the following output:
Change Dir: /home/guych15/dev/git/pixy/build/libpixyusb/CMakeFiles/CMakeTmp

Run Build Command:"/usr/bin/make" "cmTC_4b4f3/fast"
/usr/bin/make -f CMakeFiles/cmTC_4b4f3.dir/build.make CMakeFiles/cmTC_4b4f3.dir/build
make[1]: Entering directory '/home/guych15/dev/git/pixy/build/libpixyusb/CMakeFiles/CMakeTmp'
Building CXX object CMakeFiles/cmTC_4b4f3.dir/CheckFunctionExists.cxx.o
/usr/bin/c++    -DCHECK_FUNCTION_EXISTS=pthread_create   -o CMakeFiles/cmTC_4b4f3.dir/CheckFunctionExists.cxx.o -c /home/guych15/dev/git/pixy/build/libpixyusb/CMakeFiles/CheckLibraryExists/CheckFunctionExists.cxx
Linking CXX executable cmTC_4b4f3
/usr/bin/cmake -E cmake_link_script CMakeFiles/cmTC_4b4f3.dir/link.txt --verbose=1
/usr/bin/c++   -DCHECK_FUNCTION_EXISTS=pthread_create    -rdynamic CMakeFiles/cmTC_4b4f3.dir/CheckFunctionExists.cxx.o  -o cmTC_4b4f3 -lpthreads 
/usr/bin/ld: cannot find -lpthreads
collect2: error: ld returned 1 exit status
CMakeFiles/cmTC_4b4f3.dir/build.make:97: recipe for target 'cmTC_4b4f3' failed
make[1]: *** [cmTC_4b4f3] Error 1
make[1]: Leaving directory '/home/guych15/dev/git/pixy/build/libpixyusb/CMakeFiles/CMakeTmp'
Makefile:126: recipe for target 'cmTC_4b4f3/fast' failed
make: *** [cmTC_4b4f3/fast] Error 2


